<?xml version="1.0" encoding="UTF-8"?>
<!-- Generated by org.testng.reporters.JUnitReportReporter -->
<testsuite hostname="gabi-pc" failures="0" tests="2" name="Curs17.TestClass" time="2.374" errors="0" timestamp="2022-08-01T11:08:00 EEST" skipped="0">
  <testcase classname="Curs17.TestClass" name="testProduct" time="0.019"/>
  <system-out/>
  <testcase classname="Curs17.TestClass" name="testLogin" time="2.355"/>
  <system-out/>
</testsuite> <!-- Curs17.TestClass -->
