<?xml version="1.0" encoding="UTF-8"?>
<!-- Generated by org.testng.reporters.JUnitReportReporter -->
<testsuite hostname="gabi-pc" failures="0" tests="3" name="Curs19.TestClass" time="0.047" errors="0" timestamp="2022-08-01T11:05:23 EEST" skipped="1">
  <testcase classname="Curs19.TestClass" name="testCase1" time="0.039"/>
  <system-out/>
  <testcase classname="Curs19.TestClass" name="testCase2" time="0.003">
    <skipped/>
  </testcase> <!-- testCase2 -->
  <system-out/>
  <testcase classname="Curs19.TestClass" name="testCase3" time="0.005"/>
  <system-out/>
</testsuite> <!-- Curs19.TestClass -->
