<?xml version="1.0" encoding="UTF-8"?>
<!-- Generated by org.testng.reporters.JUnitReportReporter -->
<testsuite hostname="gabi-pc" failures="0" tests="5" name="Curs20.TestExample" time="0.078" errors="0" timestamp="2022-08-04T17:48:08 EEST" skipped="0">
  <testcase classname="Curs20.TestExample" name="runMultipleTimes" time="0.055"/>
  <system-out/>
  <testcase classname="Curs20.TestExample" name="runMultipleTimes" time="0.004"/>
  <system-out/>
  <testcase classname="Curs20.TestExample" name="runMultipleTimes" time="0.006"/>
  <system-out/>
  <testcase classname="Curs20.TestExample" name="runMultipleTimes" time="0.007"/>
  <system-out/>
  <testcase classname="Curs20.TestExample" name="testAnnotation" time="0.006"/>
  <system-out/>
</testsuite> <!-- Curs20.TestExample -->
